#
# There is insufficient memory for the Java Runtime Environment to continue.
# Native memory allocation (mmap) failed to map 117440512 bytes for committing reserved memory.
# Possible reasons:
#   The system is out of physical RAM or swap space
#   In 32 bit mode, the process size limit was hit
# Possible solutions:
#   Reduce memory load on the system
#   Increase physical memory or swap space
#   Check if swap backing store is full
#   Use 64 bit Java on a 64 bit OS
#   Decrease Java heap size (-Xmx/-Xms)
#   Decrease number of Java threads
#   Decrease Java thread stack sizes (-Xss)
#   Set larger code cache with -XX:ReservedCodeCacheSize=
# This output file may be truncated or incomplete.
#
#  Out of Memory Error (os_linux.cpp:2627), pid=6989, tid=140439286957824
#
# JRE version: Java(TM) SE Runtime Environment (8.0_91-b14) (build 1.8.0_91-b14)
# Java VM: Java HotSpot(TM) 64-Bit Server VM (25.91-b14 mixed mode linux-amd64 compressed oops)
# Failed to write core dump. Core dumps have been disabled. To enable core dumping, try "ulimit -c unlimited" before starting Java again
#

---------------  T H R E A D  ---------------

Current thread (0x00007fbaa8078000):  VMThread [stack: 0x00007fba91bfc000,0x00007fba91cfd000] [id=6998]

Stack: [0x00007fba91bfc000,0x00007fba91cfd000],  sp=0x00007fba91cfb260,  free space=1020k
Native frames: (J=compiled Java code, j=interpreted, Vv=VM code, C=native code)
V  [libjvm.so+0xabc18a]  VMError::report_and_die()+0x2ba
V  [libjvm.so+0x4fafeb]  report_vm_out_of_memory(char const*, int, unsigned long, VMErrorType, char const*)+0x8b
V  [libjvm.so+0x91cbb3]  os::Linux::commit_memory_impl(char*, unsigned long, bool)+0x103
V  [libjvm.so+0x91d109]  os::pd_commit_memory(char*, unsigned long, unsigned long, bool)+0x29
V  [libjvm.so+0x91740a]  os::commit_memory(char*, unsigned long, unsigned long, bool)+0x2a
V  [libjvm.so+0x98b033]  PSVirtualSpace::expand_by(unsigned long)+0x53
V  [libjvm.so+0x98c438]  PSYoungGen::resize_generation(unsigned long, unsigned long)+0xf8
V  [libjvm.so+0x98b592]  PSYoungGen::resize(unsigned long, unsigned long)+0x22
V  [libjvm.so+0x98886b]  PSScavenge::invoke_no_policy()+0xf3b
V  [libjvm.so+0x988ff1]  PSScavenge::invoke()+0x41
V  [libjvm.so+0x9408b0]  ParallelScavengeHeap::failed_mem_allocate(unsigned long)+0x70
V  [libjvm.so+0xabdba7]  VM_ParallelGCFailedAllocation::doit()+0x97
V  [libjvm.so+0xac55d5]  VM_Operation::evaluate()+0x55
V  [libjvm.so+0xac39aa]  VMThread::evaluate_operation(VM_Operation*)+0xba
V  [libjvm.so+0xac3d2e]  VMThread::loop()+0x1ce
V  [libjvm.so+0xac41a0]  VMThread::run()+0x70
V  [libjvm.so+0x91ef78]  java_start(Thread*)+0x108

VM_Operation (0x00007fbab03fcf60): ParallelGCFailedAllocation, mode: safepoint, requested by thread 0x00007fbaa800a000


---------------  P R O C E S S  ---------------

Java Threads: ( => current thread )
  0x00007fbaa80c1000 JavaThread "Service Thread" daemon [_thread_blocked, id=7005, stack(0x00007fba910f7000,0x00007fba911f8000)]
  0x00007fbaa80bd800 JavaThread "C1 CompilerThread2" daemon [_thread_blocked, id=7004, stack(0x00007fba911f8000,0x00007fba912f9000)]
  0x00007fbaa80bc000 JavaThread "C2 CompilerThread1" daemon [_thread_blocked, id=7003, stack(0x00007fba912f9000,0x00007fba913fa000)]
  0x00007fbaa80b9000 JavaThread "C2 CompilerThread0" daemon [_thread_blocked, id=7002, stack(0x00007fba913fa000,0x00007fba914fb000)]
  0x00007fbaa80b7800 JavaThread "Signal Dispatcher" daemon [_thread_blocked, id=7001, stack(0x00007fba914fb000,0x00007fba915fc000)]
  0x00007fbaa8084000 JavaThread "Finalizer" daemon [_thread_blocked, id=7000, stack(0x00007fba919fa000,0x00007fba91afb000)]
  0x00007fbaa807f800 JavaThread "Reference Handler" daemon [_thread_blocked, id=6999, stack(0x00007fba91afb000,0x00007fba91bfc000)]
  0x00007fbaa800a000 JavaThread "main" [_thread_blocked, id=6992, stack(0x00007fbab02fe000,0x00007fbab03ff000)]

Other Threads:
=>0x00007fbaa8078000 VMThread [stack: 0x00007fba91bfc000,0x00007fba91cfd000] [id=6998]
  0x00007fbaa80c3800 WatcherThread [stack: 0x00007fba90ff6000,0x00007fba910f7000] [id=7006]

VM state:at safepoint (normal execution)

VM Mutex/Monitor currently owned by a thread:  ([mutex/lock_event])
[0x00007fbaa80064c0] Threads_lock - owner thread: 0x00007fbaa8078000
[0x00007fbaa80069c0] Heap_lock - owner thread: 0x00007fbaa800a000

Heap:
 PSYoungGen      total 99840K, used 3570K [0x00000000eab00000, 0x00000000f1000000, 0x0000000100000000)
  eden space 96256K, 0% used [0x00000000eab00000,0x00000000eab00000,0x00000000f0900000)
  from space 3584K, 99% used [0x00000000f0900000,0x00000000f0c7c958,0x00000000f0c80000)
  to   space 3584K, 0% used [0x00000000f0c80000,0x00000000f0c80000,0x00000000f1000000)
 ParOldGen       total 62976K, used 33178K [0x00000000c0000000, 0x00000000c3d80000, 0x00000000eab00000)
  object space 62976K, 52% used [0x00000000c0000000,0x00000000c2066ab8,0x00000000c3d80000)
 Metaspace       used 5728K, capacity 7088K, committed 7296K, reserved 1056768K
  class space    used 550K, capacity 616K, committed 640K, reserved 1048576K

Card table byte_map: [0x00007fbaacec2000,0x00007fbaad0c3000] byte_map_base: 0x00007fbaac8c2000

Marking Bits: (ParMarkBitMap*) 0x00007fbaaf7d9d60
 Begin Bits: [0x00007fba92000000, 0x00007fba93000000)
 End Bits:   [0x00007fba93000000, 0x00007fba94000000)

Polling page: 0x00007fbab0422000

CodeCache: size=245760Kb used=7742Kb max_used=7742Kb free=238017Kb
 bounds [0x00007fba99000000, 0x00007fba997a0000, 0x00007fbaa8000000]
 total_blobs=2009 nmethods=1752 adapters=171
 compilation: enabled

Compilation events (10 events):
Event: 2,866 Thread 0x00007fbaa80bd800 nmethod 1827 0x00007fba9978ad90 code [0x00007fba9978af60, 0x00007fba9978b698]
Event: 2,866 Thread 0x00007fbaa80bd800 1828       3       com.android.dx.dex.code.PositionList::make (224 bytes)
Event: 2,867 Thread 0x00007fbaa80b9000 1830       4       com.android.dx.rop.code.BasicBlock::canThrow (11 bytes)
Event: 2,869 Thread 0x00007fbaa80bd800 nmethod 1828 0x00007fba9978b990 code [0x00007fba9978bc80, 0x00007fba9978d748]
Event: 2,869 Thread 0x00007fbaa80bd800 1829       3       com.android.dx.dex.code.StdCatchBuilder::build (262 bytes)
Event: 2,871 Thread 0x00007fbaa80b9000 nmethod 1830 0x00007fba9976ba50 code [0x00007fba9976bbc0, 0x00007fba9976bd38]
Event: 2,871 Thread 0x00007fbaa80b9000 1831 %     4       com.android.dx.dex.code.OutputFinisher::align64bits @ 44 (247 bytes)
Event: 2,873 Thread 0x00007fbaa80bc000 nmethod 1823 0x00007fba9978ec10 code [0x00007fba9978ee20, 0x00007fba9978f540]
Event: 2,873 Thread 0x00007fbaa80bd800 nmethod 1829 0x00007fba997933d0 code [0x00007fba997938e0, 0x00007fba997971c8]
Event: 2,873 Thread 0x00007fbaa80bd800 1833       3       com.android.dx.dex.code.form.Form22c::isCompatible (99 bytes)

GC Heap History (9 events):
Event: 0,701 GC heap before
{Heap before GC invocations=1 (full 0):
 PSYoungGen      total 27648K, used 24064K [0x00000000eab00000, 0x00000000ec980000, 0x0000000100000000)
  eden space 24064K, 100% used [0x00000000eab00000,0x00000000ec280000,0x00000000ec280000)
  from space 3584K, 0% used [0x00000000ec600000,0x00000000ec600000,0x00000000ec980000)
  to   space 3584K, 0% used [0x00000000ec280000,0x00000000ec280000,0x00000000ec600000)
 ParOldGen       total 62976K, used 0K [0x00000000c0000000, 0x00000000c3d80000, 0x00000000eab00000)
  object space 62976K, 0% used [0x00000000c0000000,0x00000000c0000000,0x00000000c3d80000)
 Metaspace       used 5195K, capacity 6704K, committed 6784K, reserved 1056768K
  class space    used 527K, capacity 616K, committed 640K, reserved 1048576K
Event: 0,721 GC heap after
Heap after GC invocations=1 (full 0):
 PSYoungGen      total 27648K, used 3562K [0x00000000eab00000, 0x00000000ee100000, 0x0000000100000000)
  eden space 24064K, 0% used [0x00000000eab00000,0x00000000eab00000,0x00000000ec280000)
  from space 3584K, 99% used [0x00000000ec280000,0x00000000ec5fa810,0x00000000ec600000)
  to   space 3584K, 0% used [0x00000000edd80000,0x00000000edd80000,0x00000000ee100000)
 ParOldGen       total 62976K, used 4835K [0x00000000c0000000, 0x00000000c3d80000, 0x00000000eab00000)
  object space 62976K, 7% used [0x00000000c0000000,0x00000000c04b8ec8,0x00000000c3d80000)
 Metaspace       used 5195K, capacity 6704K, committed 6784K, reserved 1056768K
  class space    used 527K, capacity 616K, committed 640K, reserved 1048576K
}
Event: 1,047 GC heap before
{Heap before GC invocations=2 (full 0):
 PSYoungGen      total 27648K, used 27626K [0x00000000eab00000, 0x00000000ee100000, 0x0000000100000000)
  eden space 24064K, 100% used [0x00000000eab00000,0x00000000ec280000,0x00000000ec280000)
  from space 3584K, 99% used [0x00000000ec280000,0x00000000ec5fa810,0x00000000ec600000)
  to   space 3584K, 0% used [0x00000000edd80000,0x00000000edd80000,0x00000000ee100000)
 ParOldGen       total 62976K, used 4835K [0x00000000c0000000, 0x00000000c3d80000, 0x00000000eab00000)
  object space 62976K, 7% used [0x00000000c0000000,0x00000000c04b8ec8,0x00000000c3d80000)
 Metaspace       used 5340K, capacity 6832K, committed 7040K, reserved 1056768K
  class space    used 530K, capacity 616K, committed 640K, reserved 1048576K
Event: 1,074 GC heap after
Heap after GC invocations=2 (full 0):
 PSYoungGen      total 51712K, used 3566K [0x00000000eab00000, 0x00000000ee100000, 0x0000000100000000)
  eden space 48128K, 0% used [0x00000000eab00000,0x00000000eab00000,0x00000000eda00000)
  from space 3584K, 99% used [0x00000000edd80000,0x00000000ee0fbb90,0x00000000ee100000)
  to   space 3584K, 0% used [0x00000000eda00000,0x00000000eda00000,0x00000000edd80000)
 ParOldGen       total 62976K, used 12635K [0x00000000c0000000, 0x00000000c3d80000, 0x00000000eab00000)
  object space 62976K, 20% used [0x00000000c0000000,0x00000000c0c56ed0,0x00000000c3d80000)
 Metaspace       used 5340K, capacity 6832K, committed 7040K, reserved 1056768K
  class space    used 530K, capacity 616K, committed 640K, reserved 1048576K
}
Event: 1,529 GC heap before
{Heap before GC invocations=3 (full 0):
 PSYoungGen      total 51712K, used 51694K [0x00000000eab00000, 0x00000000ee100000, 0x0000000100000000)
  eden space 48128K, 100% used [0x00000000eab00000,0x00000000eda00000,0x00000000eda00000)
  from space 3584K, 99% used [0x00000000edd80000,0x00000000ee0fbb90,0x00000000ee100000)
  to   space 3584K, 0% used [0x00000000eda00000,0x00000000eda00000,0x00000000edd80000)
 ParOldGen       total 62976K, used 12635K [0x00000000c0000000, 0x00000000c3d80000, 0x00000000eab00000)
  object space 62976K, 20% used [0x00000000c0000000,0x00000000c0c56ed0,0x00000000c3d80000)
 Metaspace       used 5388K, capacity 6832K, committed 7040K, reserved 1056768K
  class space    used 530K, capacity 616K, committed 640K, reserved 1048576K
Event: 1,579 GC heap after
Heap after GC invocations=3 (full 0):
 PSYoungGen      total 51712K, used 3561K [0x00000000eab00000, 0x00000000f1000000, 0x0000000100000000)
  eden space 48128K, 0% used [0x00000000eab00000,0x00000000eab00000,0x00000000eda00000)
  from space 3584K, 99% used [0x00000000eda00000,0x00000000edd7a628,0x00000000edd80000)
  to   space 3584K, 0% used [0x00000000f0c80000,0x00000000f0c80000,0x00000000f1000000)
 ParOldGen       total 62976K, used 20980K [0x00000000c0000000, 0x00000000c3d80000, 0x00000000eab00000)
  object space 62976K, 33% used [0x00000000c0000000,0x00000000c147d1d0,0x00000000c3d80000)
 Metaspace       used 5388K, capacity 6832K, committed 7040K, reserved 1056768K
  class space    used 530K, capacity 616K, committed 640K, reserved 1048576K
}
Event: 1,963 GC heap before
{Heap before GC invocations=4 (full 0):
 PSYoungGen      total 51712K, used 51689K [0x00000000eab00000, 0x00000000f1000000, 0x0000000100000000)
  eden space 48128K, 100% used [0x00000000eab00000,0x00000000eda00000,0x00000000eda00000)
  from space 3584K, 99% used [0x00000000eda00000,0x00000000edd7a628,0x00000000edd80000)
  to   space 3584K, 0% used [0x00000000f0c80000,0x00000000f0c80000,0x00000000f1000000)
 ParOldGen       total 62976K, used 20980K [0x00000000c0000000, 0x00000000c3d80000, 0x00000000eab00000)
  object space 62976K, 33% used [0x00000000c0000000,0x00000000c147d1d0,0x00000000c3d80000)
 Metaspace       used 5460K, capacity 6896K, committed 7040K, reserved 1056768K
  class space    used 532K, capacity 616K, committed 640K, reserved 1048576K
Event: 1,985 GC heap after
Heap after GC invocations=4 (full 0):
 PSYoungGen      total 99840K, used 3583K [0x00000000eab00000, 0x00000000f1000000, 0x0000000100000000)
  eden space 96256K, 0% used [0x00000000eab00000,0x00000000eab00000,0x00000000f0900000)
  from space 3584K, 99% used [0x00000000f0c80000,0x00000000f0fffcf8,0x00000000f1000000)
  to   space 3584K, 0% used [0x00000000f0900000,0x00000000f0900000,0x00000000f0c80000)
 ParOldGen       total 62976K, used 27698K [0x00000000c0000000, 0x00000000c3d80000, 0x00000000eab00000)
  object space 62976K, 43% used [0x00000000c0000000,0x00000000c1b0c9e0,0x00000000c3d80000)
 Metaspace       used 5460K, capacity 6896K, committed 7040K, reserved 1056768K
  class space    used 532K, capacity 616K, committed 640K, reserved 1048576K
}
Event: 2,874 GC heap before
{Heap before GC invocations=5 (full 0):
 PSYoungGen      total 99840K, used 99839K [0x00000000eab00000, 0x00000000f1000000, 0x0000000100000000)
  eden space 96256K, 100% used [0x00000000eab00000,0x00000000f0900000,0x00000000f0900000)
  from space 3584K, 99% used [0x00000000f0c80000,0x00000000f0fffcf8,0x00000000f1000000)
  to   space 3584K, 0% used [0x00000000f0900000,0x00000000f0900000,0x00000000f0c80000)
 ParOldGen       total 62976K, used 27698K [0x00000000c0000000, 0x00000000c3d80000, 0x00000000eab00000)
  object space 62976K, 43% used [0x00000000c0000000,0x00000000c1b0c9e0,0x00000000c3d80000)
 Metaspace       used 5728K, capacity 7088K, committed 7296K, reserved 1056768K
  class space    used 550K, capacity 616K, committed 640K, reserved 1048576K

Deoptimization events (10 events):
Event: 2,607 Thread 0x00007fbaa800a000 Uncommon trap: reason=class_check action=maybe_recompile pc=0x00007fba994bd6dc method=java.util.HashMap.putVal(ILjava/lang/Object;Ljava/lang/Object;ZZ)Ljava/lang/Object; @ 203
Event: 2,608 Thread 0x00007fbaa800a000 Uncommon trap: reason=class_check action=maybe_recompile pc=0x00007fba994bd6dc method=java.util.HashMap.putVal(ILjava/lang/Object;Ljava/lang/Object;ZZ)Ljava/lang/Object; @ 203
Event: 2,635 Thread 0x00007fbaa800a000 Uncommon trap: reason=bimorphic action=maybe_recompile pc=0x00007fba99214db8 method=java.util.HashMap.getNode(ILjava/lang/Object;)Ljava/util/HashMap$Node; @ 126
Event: 2,635 Thread 0x00007fbaa800a000 Uncommon trap: reason=bimorphic action=maybe_recompile pc=0x00007fba99496668 method=java.util.HashMap.getNode(ILjava/lang/Object;)Ljava/util/HashMap$Node; @ 126
Event: 2,818 Thread 0x00007fbaa800a000 Uncommon trap: reason=unstable_if action=reinterpret pc=0x00007fba99742e14 method=com.android.dx.dex.code.LocalList$MakeState.aboutToProcess(II)V @ 4
Event: 2,829 Thread 0x00007fbaa800a000 Uncommon trap: reason=speculate_class_check action=maybe_recompile pc=0x00007fba993e8be0 method=com.android.dx.util.FixedSizeList.equals(Ljava/lang/Object;)Z @ 25
Event: 2,829 Thread 0x00007fbaa800a000 Uncommon trap: reason=unstable_if action=reinterpret pc=0x00007fba9937e018 method=java.util.Arrays.equals([Ljava/lang/Object;[Ljava/lang/Object;)Z @ 23
Event: 2,859 Thread 0x00007fbaa800a000 Uncommon trap: reason=speculate_class_check action=maybe_recompile pc=0x00007fba993e8be0 method=com.android.dx.util.FixedSizeList.equals(Ljava/lang/Object;)Z @ 25
Event: 2,859 Thread 0x00007fbaa800a000 Uncommon trap: reason=speculate_class_check action=maybe_recompile pc=0x00007fba993e8be0 method=com.android.dx.util.FixedSizeList.equals(Ljava/lang/Object;)Z @ 25
Event: 2,859 Thread 0x00007fbaa800a000 Uncommon trap: reason=speculate_class_check action=maybe_recompile pc=0x00007fba993e8be0 method=com.android.dx.util.FixedSizeList.equals(Ljava/lang/Object;)Z @ 25

Internal exceptions (5 events):
Event: 0,069 Thread 0x00007fbaa800a000 Exception <a 'java/lang/NoSuchMethodError': Method sun.misc.Unsafe.defineClass(Ljava/lang/String;[BII)Ljava/lang/Class; name or signature does not match> (0x00000000eab07cc0) thrown at [/HUDSON/workspace/8-2-build-linux-amd64/jdk8u91/6644/hotspot/src/shar
Event: 0,069 Thread 0x00007fbaa800a000 Exception <a 'java/lang/NoSuchMethodError': Method sun.misc.Unsafe.prefetchRead(Ljava/lang/Object;J)V name or signature does not match> (0x00000000eab07fa8) thrown at [/HUDSON/workspace/8-2-build-linux-amd64/jdk8u91/6644/hotspot/src/share/vm/prims/jni.cpp
Event: 0,893 Thread 0x00007fbaa800a000 Implicit null exception at 0x00007fba993ddf8c to 0x00007fba993df4f1
Event: 0,910 Thread 0x00007fbaa800a000 Implicit null exception at 0x00007fba993eed31 to 0x00007fba993f0555
Event: 2,818 Thread 0x00007fbaa800a000 Implicit null exception at 0x00007fba997426bf to 0x00007fba99742ded

Events (10 events):
Event: 2,859 Thread 0x00007fbaa800a000 Uncommon trap: trap_request=0xffffff76 fr.pc=0x00007fba993e8be0
Event: 2,859 Thread 0x00007fbaa800a000 DEOPT PACKING pc=0x00007fba993e8be0 sp=0x00007fbab03fd160
Event: 2,859 Thread 0x00007fbaa800a000 DEOPT UNPACKING pc=0x00007fba99005229 sp=0x00007fbab03fd140 mode 2
Event: 2,859 Thread 0x00007fbaa800a000 Uncommon trap: trap_request=0xffffff76 fr.pc=0x00007fba993e8be0
Event: 2,859 Thread 0x00007fbaa800a000 DEOPT PACKING pc=0x00007fba993e8be0 sp=0x00007fbab03fd160
Event: 2,859 Thread 0x00007fbaa800a000 DEOPT UNPACKING pc=0x00007fba99005229 sp=0x00007fbab03fd140 mode 2
Event: 2,859 Thread 0x00007fbaa800a000 Uncommon trap: trap_request=0xffffff76 fr.pc=0x00007fba993e8be0
Event: 2,859 Thread 0x00007fbaa800a000 DEOPT PACKING pc=0x00007fba993e8be0 sp=0x00007fbab03fd160
Event: 2,859 Thread 0x00007fbaa800a000 DEOPT UNPACKING pc=0x00007fba99005229 sp=0x00007fbab03fd140 mode 2
Event: 2,874 Executing VM operation: ParallelGCFailedAllocation


Dynamic libraries:
00400000-00401000 r-xp 00000000 08:11 11012239                           /usr/lib/jvm/java-8-oracle/bin/java
00600000-00601000 rw-p 00000000 08:11 11012239                           /usr/lib/jvm/java-8-oracle/bin/java
009d9000-009fa000 rw-p 00000000 00:00 0                                  [heap]
c0000000-c3d80000 rw-p 00000000 00:00 0 
c3d80000-eab00000 ---p 00000000 00:00 0 
eab00000-f1000000 rw-p 00000000 00:00 0 
f8000000-100000000 ---p 00000000 00:00 0 
100000000-1000a0000 rw-p 00000000 00:00 0 
1000a0000-140000000 ---p 00000000 00:00 0 
7fba5c000000-7fba5c021000 rw-p 00000000 00:00 0 
7fba5c021000-7fba60000000 ---p 00000000 00:00 0 
7fba60000000-7fba60021000 rw-p 00000000 00:00 0 
7fba60021000-7fba64000000 ---p 00000000 00:00 0 
7fba64000000-7fba64d89000 rw-p 00000000 00:00 0 
7fba64d89000-7fba68000000 ---p 00000000 00:00 0 
7fba68000000-7fba68969000 rw-p 00000000 00:00 0 
7fba68969000-7fba6c000000 ---p 00000000 00:00 0 
7fba6c000000-7fba6c021000 rw-p 00000000 00:00 0 
7fba6c021000-7fba70000000 ---p 00000000 00:00 0 
7fba70000000-7fba70cd1000 rw-p 00000000 00:00 0 
7fba70cd1000-7fba74000000 ---p 00000000 00:00 0 
7fba74000000-7fba74021000 rw-p 00000000 00:00 0 
7fba74021000-7fba78000000 ---p 00000000 00:00 0 
7fba78000000-7fba78021000 rw-p 00000000 00:00 0 
7fba78021000-7fba7c000000 ---p 00000000 00:00 0 
7fba7c000000-7fba7c021000 rw-p 00000000 00:00 0 
7fba7c021000-7fba80000000 ---p 00000000 00:00 0 
7fba80000000-7fba8028e000 rw-p 00000000 00:00 0 
7fba8028e000-7fba84000000 ---p 00000000 00:00 0 
7fba84000000-7fba84021000 rw-p 00000000 00:00 0 
7fba84021000-7fba88000000 ---p 00000000 00:00 0 
7fba8c000000-7fba8c021000 rw-p 00000000 00:00 0 
7fba8c021000-7fba90000000 ---p 00000000 00:00 0 
7fba90ff6000-7fba90ff7000 ---p 00000000 00:00 0 
7fba90ff7000-7fba910f7000 rw-p 00000000 00:00 0                          [stack:7006]
7fba910f7000-7fba910fa000 ---p 00000000 00:00 0 
7fba910fa000-7fba911f8000 rw-p 00000000 00:00 0                          [stack:7005]
7fba911f8000-7fba911fb000 ---p 00000000 00:00 0 
7fba911fb000-7fba912f9000 rw-p 00000000 00:00 0                          [stack:7004]
7fba912f9000-7fba912fc000 ---p 00000000 00:00 0 
7fba912fc000-7fba913fa000 rw-p 00000000 00:00 0                          [stack:7003]
7fba913fa000-7fba913fd000 ---p 00000000 00:00 0 
7fba913fd000-7fba914fb000 rw-p 00000000 00:00 0                          [stack:7002]
7fba914fb000-7fba914fe000 ---p 00000000 00:00 0 
7fba914fe000-7fba915fc000 rw-p 00000000 00:00 0                          [stack:7001]
7fba915fc000-7fba919fa000 r--p 00000000 08:11 9965800                    /usr/lib/locale/locale-archive
7fba919fa000-7fba919fd000 ---p 00000000 00:00 0 
7fba919fd000-7fba91afb000 rw-p 00000000 00:00 0                          [stack:7000]
7fba91afb000-7fba91afe000 ---p 00000000 00:00 0 
7fba91afe000-7fba91bfc000 rw-p 00000000 00:00 0                          [stack:6999]
7fba91bfc000-7fba91bfd000 ---p 00000000 00:00 0 
7fba91bfd000-7fba94000000 rw-p 00000000 00:00 0                          [stack:6998]
7fba94000000-7fba94021000 rw-p 00000000 00:00 0 
7fba94021000-7fba98000000 ---p 00000000 00:00 0 
7fba98027000-7fba9802e000 r--s 00000000 08:11 10107494                   /usr/lib/x86_64-linux-gnu/gconv/gconv-modules.cache
7fba9802e000-7fba98054000 r--p 00000000 08:11 10233117                   /usr/share/locale-langpack/es/LC_MESSAGES/libc.mo
7fba98054000-7fba98e80000 rw-p 00000000 00:00 0 
7fba98e80000-7fba99000000 ---p 00000000 00:00 0 
7fba99000000-7fba997a0000 rwxp 00000000 00:00 0 
7fba997a0000-7fbaa8000000 ---p 00000000 00:00 0 
7fbaa8000000-7fbaa8391000 rw-p 00000000 00:00 0 
7fbaa8391000-7fbaac000000 ---p 00000000 00:00 0 
7fbaac005000-7fbaac014000 r--s 000dd000 08:11 5113300                    /home/elementary/Android/Sdk/build-tools/22.0.1/lib/dx.jar
7fbaac014000-7fbaac519000 rw-p 00000000 00:00 0 
7fbaac519000-7fbaac6f2000 r--s 03d1f000 08:11 11012396                   /usr/lib/jvm/java-8-oracle/jre/lib/rt.jar
7fbaac6f2000-7fbaac968000 rw-p 00000000 00:00 0 
7fbaac968000-7fbaac969000 ---p 00000000 00:00 0 
7fbaac969000-7fbaaca69000 rw-p 00000000 00:00 0                          [stack:6997]
7fbaaca69000-7fbaaca6a000 ---p 00000000 00:00 0 
7fbaaca6a000-7fbaacb6a000 rw-p 00000000 00:00 0                          [stack:6996]
7fbaacb6a000-7fbaacb6b000 ---p 00000000 00:00 0 
7fbaacb6b000-7fbaacc6b000 rw-p 00000000 00:00 0                          [stack:6995]
7fbaacc6b000-7fbaacc6c000 ---p 00000000 00:00 0 
7fbaacc6c000-7fbaacd8b000 rw-p 00000000 00:00 0                          [stack:6994]
7fbaacd8b000-7fbaacec2000 ---p 00000000 00:00 0 
7fbaacec2000-7fbaacee1000 rw-p 00000000 00:00 0 
7fbaacee1000-7fbaad017000 ---p 00000000 00:00 0 
7fbaad017000-7fbaad04a000 rw-p 00000000 00:00 0 
7fbaad04a000-7fbaad0c2000 ---p 00000000 00:00 0 
7fbaad0c2000-7fbaad0e2000 rw-p 00000000 00:00 0 
7fbaad0e2000-7fbaad483000 ---p 00000000 00:00 0 
7fbaad483000-7fbaad49d000 r-xp 00000000 08:11 11149856                   /usr/lib/jvm/java-8-oracle/jre/lib/amd64/libzip.so
7fbaad49d000-7fbaad69d000 ---p 0001a000 08:11 11149856                   /usr/lib/jvm/java-8-oracle/jre/lib/amd64/libzip.so
7fbaad69d000-7fbaad69e000 rw-p 0001a000 08:11 11149856                   /usr/lib/jvm/java-8-oracle/jre/lib/amd64/libzip.so
7fbaad69e000-7fbaad6a9000 r-xp 00000000 08:11 8268799                    /lib/x86_64-linux-gnu/libnss_files-2.19.so
7fbaad6a9000-7fbaad8a8000 ---p 0000b000 08:11 8268799                    /lib/x86_64-linux-gnu/libnss_files-2.19.so
7fbaad8a8000-7fbaad8a9000 r--p 0000a000 08:11 8268799                    /lib/x86_64-linux-gnu/libnss_files-2.19.so
7fbaad8a9000-7fbaad8aa000 rw-p 0000b000 08:11 8268799                    /lib/x86_64-linux-gnu/libnss_files-2.19.so
7fbaad8aa000-7fbaad8b5000 r-xp 00000000 08:11 8268791                    /lib/x86_64-linux-gnu/libnss_nis-2.19.so
7fbaad8b5000-7fbaadab4000 ---p 0000b000 08:11 8268791                    /lib/x86_64-linux-gnu/libnss_nis-2.19.so
7fbaadab4000-7fbaadab5000 r--p 0000a000 08:11 8268791                    /lib/x86_64-linux-gnu/libnss_nis-2.19.so
7fbaadab5000-7fbaadab6000 rw-p 0000b000 08:11 8268791                    /lib/x86_64-linux-gnu/libnss_nis-2.19.so
7fbaadab6000-7fbaadacd000 r-xp 00000000 08:11 8266702                    /lib/x86_64-linux-gnu/libnsl-2.19.so
7fbaadacd000-7fbaadccc000 ---p 00017000 08:11 8266702                    /lib/x86_64-linux-gnu/libnsl-2.19.so
7fbaadccc000-7fbaadccd000 r--p 00016000 08:11 8266702                    /lib/x86_64-linux-gnu/libnsl-2.19.so
7fbaadccd000-7fbaadcce000 rw-p 00017000 08:11 8266702                    /lib/x86_64-linux-gnu/libnsl-2.19.so
7fbaadcce000-7fbaadcd0000 rw-p 00000000 00:00 0 
7fbaadcd0000-7fbaadcd9000 r-xp 00000000 08:11 8265783                    /lib/x86_64-linux-gnu/libnss_compat-2.19.so
7fbaadcd9000-7fbaaded8000 ---p 00009000 08:11 8265783                    /lib/x86_64-linux-gnu/libnss_compat-2.19.so
7fbaaded8000-7fbaaded9000 r--p 00008000 08:11 8265783                    /lib/x86_64-linux-gnu/libnss_compat-2.19.so
7fbaaded9000-7fbaadeda000 rw-p 00009000 08:11 8265783                    /lib/x86_64-linux-gnu/libnss_compat-2.19.so
7fbaadeda000-7fbaadf04000 r-xp 00000000 08:11 11149791                   /usr/lib/jvm/java-8-oracle/jre/lib/amd64/libjava.so
7fbaadf04000-7fbaae104000 ---p 0002a000 08:11 11149791                   /usr/lib/jvm/java-8-oracle/jre/lib/amd64/libjava.so
7fbaae104000-7fbaae106000 rw-p 0002a000 08:11 11149791                   /usr/lib/jvm/java-8-oracle/jre/lib/amd64/libjava.so
7fbaae106000-7fbaae113000 r-xp 00000000 08:11 11149832                   /usr/lib/jvm/java-8-oracle/jre/lib/amd64/libverify.so
7fbaae113000-7fbaae313000 ---p 0000d000 08:11 11149832                   /usr/lib/jvm/java-8-oracle/jre/lib/amd64/libverify.so
7fbaae313000-7fbaae315000 rw-p 0000d000 08:11 11149832                   /usr/lib/jvm/java-8-oracle/jre/lib/amd64/libverify.so
7fbaae315000-7fbaae31c000 r-xp 00000000 08:11 8268795                    /lib/x86_64-linux-gnu/librt-2.19.so
7fbaae31c000-7fbaae51b000 ---p 00007000 08:11 8268795                    /lib/x86_64-linux-gnu/librt-2.19.so
7fbaae51b000-7fbaae51c000 r--p 00006000 08:11 8268795                    /lib/x86_64-linux-gnu/librt-2.19.so
7fbaae51c000-7fbaae51d000 rw-p 00007000 08:11 8268795                    /lib/x86_64-linux-gnu/librt-2.19.so
7fbaae51d000-7fbaae622000 r-xp 00000000 08:11 8261667                    /lib/x86_64-linux-gnu/libm-2.19.so
7fbaae622000-7fbaae821000 ---p 00105000 08:11 8261667                    /lib/x86_64-linux-gnu/libm-2.19.so
7fbaae821000-7fbaae822000 r--p 00104000 08:11 8261667                    /lib/x86_64-linux-gnu/libm-2.19.so
7fbaae822000-7fbaae823000 rw-p 00105000 08:11 8261667                    /lib/x86_64-linux-gnu/libm-2.19.so
7fbaae823000-7fbaaf4e3000 r-xp 00000000 08:11 11149836                   /usr/lib/jvm/java-8-oracle/jre/lib/amd64/server/libjvm.so
7fbaaf4e3000-7fbaaf6e3000 ---p 00cc0000 08:11 11149836                   /usr/lib/jvm/java-8-oracle/jre/lib/amd64/server/libjvm.so
7fbaaf6e3000-7fbaaf7bb000 rw-p 00cc0000 08:11 11149836                   /usr/lib/jvm/java-8-oracle/jre/lib/amd64/server/libjvm.so
7fbaaf7bb000-7fbaaf806000 rw-p 00000000 00:00 0 
7fbaaf806000-7fbaaf9c1000 r-xp 00000000 08:11 8268796                    /lib/x86_64-linux-gnu/libc-2.19.so
7fbaaf9c1000-7fbaafbc0000 ---p 001bb000 08:11 8268796                    /lib/x86_64-linux-gnu/libc-2.19.so
7fbaafbc0000-7fbaafbc4000 r--p 001ba000 08:11 8268796                    /lib/x86_64-linux-gnu/libc-2.19.so
7fbaafbc4000-7fbaafbc6000 rw-p 001be000 08:11 8268796                    /lib/x86_64-linux-gnu/libc-2.19.so
7fbaafbc6000-7fbaafbcb000 rw-p 00000000 00:00 0 
7fbaafbcb000-7fbaafbce000 r-xp 00000000 08:11 8261865                    /lib/x86_64-linux-gnu/libdl-2.19.so
7fbaafbce000-7fbaafdcd000 ---p 00003000 08:11 8261865                    /lib/x86_64-linux-gnu/libdl-2.19.so
7fbaafdcd000-7fbaafdce000 r--p 00002000 08:11 8261865                    /lib/x86_64-linux-gnu/libdl-2.19.so
7fbaafdce000-7fbaafdcf000 rw-p 00003000 08:11 8261865                    /lib/x86_64-linux-gnu/libdl-2.19.so
7fbaafdcf000-7fbaafde4000 r-xp 00000000 08:11 11407244                   /usr/lib/jvm/java-8-oracle/lib/amd64/jli/libjli.so
7fbaafde4000-7fbaaffe4000 ---p 00015000 08:11 11407244                   /usr/lib/jvm/java-8-oracle/lib/amd64/jli/libjli.so
7fbaaffe4000-7fbaaffe5000 rw-p 00015000 08:11 11407244                   /usr/lib/jvm/java-8-oracle/lib/amd64/jli/libjli.so
7fbaaffe5000-7fbaafffe000 r-xp 00000000 08:11 8266703                    /lib/x86_64-linux-gnu/libpthread-2.19.so
7fbaafffe000-7fbab01fd000 ---p 00019000 08:11 8266703                    /lib/x86_64-linux-gnu/libpthread-2.19.so
7fbab01fd000-7fbab01fe000 r--p 00018000 08:11 8266703                    /lib/x86_64-linux-gnu/libpthread-2.19.so
7fbab01fe000-7fbab01ff000 rw-p 00019000 08:11 8266703                    /lib/x86_64-linux-gnu/libpthread-2.19.so
7fbab01ff000-7fbab0203000 rw-p 00000000 00:00 0 
7fbab0203000-7fbab0226000 r-xp 00000000 08:11 8266704                    /lib/x86_64-linux-gnu/ld-2.19.so
7fbab022c000-7fbab02fe000 rw-p 00000000 00:00 0 
7fbab02fe000-7fbab0301000 ---p 00000000 00:00 0 
7fbab0301000-7fbab0403000 rw-p 00000000 00:00 0                          [stack:6992]
7fbab0404000-7fbab0419000 rw-p 00000000 00:00 0 
7fbab0419000-7fbab0421000 rw-s 00000000 08:11 929587                     /tmp/hsperfdata_elementary/6989
7fbab0421000-7fbab0422000 rw-p 00000000 00:00 0 
7fbab0422000-7fbab0423000 ---p 00000000 00:00 0 
7fbab0423000-7fbab0425000 rw-p 00000000 00:00 0 
7fbab0425000-7fbab0426000 r--p 00022000 08:11 8266704                    /lib/x86_64-linux-gnu/ld-2.19.so
7fbab0426000-7fbab0427000 rw-p 00023000 08:11 8266704                    /lib/x86_64-linux-gnu/ld-2.19.so
7fbab0427000-7fbab0428000 rw-p 00000000 00:00 0 
7ffe56925000-7ffe56946000 rw-p 00000000 00:00 0                          [stack]
7ffe569b5000-7ffe569b7000 r-xp 00000000 00:00 0                          [vdso]
7ffe569b7000-7ffe569b9000 r--p 00000000 00:00 0                          [vvar]
ffffffffff600000-ffffffffff601000 r-xp 00000000 00:00 0                  [vsyscall]

VM Arguments:
jvm_args: -Djava.awt.headless=true -Xmx1024M -Dfile.encoding=UTF-8 -Duser.country=ES -Duser.language=es -Duser.variant 
java_command: com.android.dx.command.Main --dex --force-jumbo --multi-dex --output /home/elementary/AndroidStudioProjects/AlsaGPS/app/build/intermediates/transforms/dex/debug/folders/1000/5/slice_8 /home/elementary/AndroidStudioProjects/AlsaGPS/app/build/intermediates/transforms/instantRunSlicer/debug/folders/1/5/slice_8
java_class_path (initial): /home/elementary/Android/Sdk/build-tools/22.0.1/lib/dx.jar
Launcher Type: SUN_STANDARD

Environment Variables:
PATH=/usr/local/sbin:/usr/local/bin:/usr/sbin:/usr/bin:/sbin:/bin:/usr/games:/usr/local/games
LD_LIBRARY_PATH=/home/elementary/Code/Andriod studio/bin:
SHELL=/bin/bash
DISPLAY=:0

Signal Handlers:
SIGSEGV: [libjvm.so+0xabca10], sa_mask[0]=11111111011111111101111111111110, sa_flags=SA_RESTART|SA_SIGINFO
SIGBUS: [libjvm.so+0xabca10], sa_mask[0]=11111111011111111101111111111110, sa_flags=SA_RESTART|SA_SIGINFO
SIGFPE: [libjvm.so+0x919a20], sa_mask[0]=11111111011111111101111111111110, sa_flags=SA_RESTART|SA_SIGINFO
SIGPIPE: [libjvm.so+0x919a20], sa_mask[0]=11111111011111111101111111111110, sa_flags=SA_RESTART|SA_SIGINFO
SIGXFSZ: [libjvm.so+0x919a20], sa_mask[0]=11111111011111111101111111111110, sa_flags=SA_RESTART|SA_SIGINFO
SIGILL: [libjvm.so+0x919a20], sa_mask[0]=11111111011111111101111111111110, sa_flags=SA_RESTART|SA_SIGINFO
SIGUSR1: SIG_DFL, sa_mask[0]=00000000000000000000000000000000, sa_flags=none
SIGUSR2: [libjvm.so+0x91b050], sa_mask[0]=00100000000000000000000000000000, sa_flags=SA_RESTART|SA_SIGINFO
SIGHUP: [libjvm.so+0x91c450], sa_mask[0]=11111111011111111101111111111110, sa_flags=SA_RESTART|SA_SIGINFO
SIGINT: [libjvm.so+0x91c450], sa_mask[0]=11111111011111111101111111111110, sa_flags=SA_RESTART|SA_SIGINFO
SIGTERM: [libjvm.so+0x91c450], sa_mask[0]=11111111011111111101111111111110, sa_flags=SA_RESTART|SA_SIGINFO
SIGQUIT: [libjvm.so+0x91c450], sa_mask[0]=11111111011111111101111111111110, sa_flags=SA_RESTART|SA_SIGINFO


---------------  S Y S T E M  ---------------

OS:DISTRIB_ID="elementary OS"
DISTRIB_RELEASE=0.3.2
DISTRIB_CODENAME=freya
DISTRIB_DESCRIPTION="elementary OS Freya"

uname:Linux 3.16.0-71-generic #92~14.04.1-Ubuntu SMP Thu May 12 23:31:46 UTC 2016 x86_64
libc:glibc 2.19 NPTL 2.19 
rlimit: STACK 8192k, CORE 0k, NPROC 23418, NOFILE 4096, AS infinity
load average:1,68 1,45 1,26

/proc/meminfo:
MemTotal:        6025376 kB
MemFree:          130068 kB
MemAvailable:     102208 kB
Buffers:            1796 kB
Cached:          1509260 kB
SwapCached:            0 kB
Active:          4249980 kB
Inactive:        1412588 kB
Active(anon):    4217488 kB
Inactive(anon):  1380732 kB
Active(file):      32492 kB
Inactive(file):    31856 kB
Unevictable:          32 kB
Mlocked:              32 kB
SwapTotal:             0 kB
SwapFree:              0 kB
Dirty:              1972 kB
Writeback:             0 kB
AnonPages:       4154572 kB
Mapped:           558536 kB
Shmem:           1445936 kB
Slab:              82932 kB
SReclaimable:      48860 kB
SUnreclaim:        34072 kB
KernelStack:       11424 kB
PageTables:        43268 kB
NFS_Unstable:          0 kB
Bounce:                0 kB
WritebackTmp:          0 kB
CommitLimit:     3012688 kB
Committed_AS:   10876036 kB
VmallocTotal:   34359738367 kB
VmallocUsed:      568284 kB
VmallocChunk:   34359152540 kB
HardwareCorrupted:     0 kB
AnonHugePages:   2140160 kB
HugePages_Total:       0
HugePages_Free:        0
HugePages_Rsvd:        0
HugePages_Surp:        0
Hugepagesize:       2048 kB
DirectMap4k:       88320 kB
DirectMap2M:     6117376 kB


CPU:total 4 (2 cores per cpu, 2 threads per core) family 6 model 42 stepping 7, cmov, cx8, fxsr, mmx, sse, sse2, sse3, ssse3, sse4.1, sse4.2, popcnt, avx, aes, clmul, ht, tsc, tscinvbit

/proc/cpuinfo:
processor	: 0
vendor_id	: GenuineIntel
cpu family	: 6
model		: 42
model name	: Intel(R) Core(TM) i7-2620M CPU @ 2.70GHz
stepping	: 7
microcode	: 0x14
cpu MHz		: 3065.660
cache size	: 4096 KB
physical id	: 0
siblings	: 4
core id		: 0
cpu cores	: 2
apicid		: 0
initial apicid	: 0
fpu		: yes
fpu_exception	: yes
cpuid level	: 13
wp		: yes
flags		: fpu vme de pse tsc msr pae mce cx8 apic sep mtrr pge mca cmov pat pse36 clflush dts acpi mmx fxsr sse sse2 ss ht tm pbe syscall nx rdtscp lm constant_tsc arch_perfmon pebs bts rep_good nopl xtopology nonstop_tsc aperfmperf eagerfpu pni pclmulqdq dtes64 monitor ds_cpl vmx smx est tm2 ssse3 cx16 xtpr pdcm pcid sse4_1 sse4_2 x2apic popcnt tsc_deadline_timer aes xsave avx lahf_lm ida arat epb xsaveopt pln pts dtherm tpr_shadow vnmi flexpriority ept vpid
bogomips	: 5387.86
clflush size	: 64
cache_alignment	: 64
address sizes	: 36 bits physical, 48 bits virtual
power management:

processor	: 1
vendor_id	: GenuineIntel
cpu family	: 6
model		: 42
model name	: Intel(R) Core(TM) i7-2620M CPU @ 2.70GHz
stepping	: 7
microcode	: 0x14
cpu MHz		: 3180.515
cache size	: 4096 KB
physical id	: 0
siblings	: 4
core id		: 0
cpu cores	: 2
apicid		: 1
initial apicid	: 1
fpu		: yes
fpu_exception	: yes
cpuid level	: 13
wp		: yes
flags		: fpu vme de pse tsc msr pae mce cx8 apic sep mtrr pge mca cmov pat pse36 clflush dts acpi mmx fxsr sse sse2 ss ht tm pbe syscall nx rdtscp lm constant_tsc arch_perfmon pebs bts rep_good nopl xtopology nonstop_tsc aperfmperf eagerfpu pni pclmulqdq dtes64 monitor ds_cpl vmx smx est tm2 ssse3 cx16 xtpr pdcm pcid sse4_1 sse4_2 x2apic popcnt tsc_deadline_timer aes xsave avx lahf_lm ida arat epb xsaveopt pln pts dtherm tpr_shadow vnmi flexpriority ept vpid
bogomips	: 5387.86
clflush size	: 64
cache_alignment	: 64
address sizes	: 36 bits physical, 48 bits virtual
power management:

processor	: 2
vendor_id	: GenuineIntel
cpu family	: 6
model		: 42
model name	: Intel(R) Core(TM) i7-2620M CPU @ 2.70GHz
stepping	: 7
microcode	: 0x14
cpu MHz		: 2697.890
cache size	: 4096 KB
physical id	: 0
siblings	: 4
core id		: 1
cpu cores	: 2
apicid		: 2
initial apicid	: 2
fpu		: yes
fpu_exception	: yes
cpuid level	: 13
wp		: yes
flags		: fpu vme de pse tsc msr pae mce cx8 apic sep mtrr pge mca cmov pat pse36 clflush dts acpi mmx fxsr sse sse2 ss ht tm pbe syscall nx rdtscp lm constant_tsc arch_perfmon pebs bts rep_good nopl xtopology nonstop_tsc aperfmperf eagerfpu pni pclmulqdq dtes64 monitor ds_cpl vmx smx est tm2 ssse3 cx16 xtpr pdcm pcid sse4_1 sse4_2 x2apic popcnt tsc_deadline_timer aes xsave avx lahf_lm ida arat epb xsaveopt pln pts dtherm tpr_shadow vnmi flexpriority ept vpid
bogomips	: 5387.86
clflush size	: 64
cache_alignment	: 64
address sizes	: 36 bits physical, 48 bits virtual
power management:

processor	: 3
vendor_id	: GenuineIntel
cpu family	: 6
model		: 42
model name	: Intel(R) Core(TM) i7-2620M CPU @ 2.70GHz
stepping	: 7
microcode	: 0x14
cpu MHz		: 3198.339
cache size	: 4096 KB
physical id	: 0
siblings	: 4
core id		: 1
cpu cores	: 2
apicid		: 3
initial apicid	: 3
fpu		: yes
fpu_exception	: yes
cpuid level	: 13
wp		: yes
flags		: fpu vme de pse tsc msr pae mce cx8 apic sep mtrr pge mca cmov pat pse36 clflush dts acpi mmx fxsr sse sse2 ss ht tm pbe syscall nx rdtscp lm constant_tsc arch_perfmon pebs bts rep_good nopl xtopology nonstop_tsc aperfmperf eagerfpu pni pclmulqdq dtes64 monitor ds_cpl vmx smx est tm2 ssse3 cx16 xtpr pdcm pcid sse4_1 sse4_2 x2apic popcnt tsc_deadline_timer aes xsave avx lahf_lm ida arat epb xsaveopt pln pts dtherm tpr_shadow vnmi flexpriority ept vpid
bogomips	: 5387.86
clflush size	: 64
cache_alignment	: 64
address sizes	: 36 bits physical, 48 bits virtual
power management:



Memory: 4k page, physical 6025376k(130068k free), swap 0k(0k free)

vm_info: Java HotSpot(TM) 64-Bit Server VM (25.91-b14) for linux-amd64 JRE (1.8.0_91-b14), built on Apr  1 2016 00:57:21 by "java_re" with gcc 4.3.0 20080428 (Red Hat 4.3.0-8)

time: Sat May 21 15:03:32 2016
elapsed time: 2 seconds (0d 0h 0m 2s)

